Welcome to Qwirkle!
-------------------
Menu
1. New Game
2. Load Game
3. Game Options
4. Credits
5. Quit
> 
Enter the filename from which to load a game:
> 
Qwirkle game successfully loaded

Score for ALICE: 0
Score for BOB: 0
   0  1  2  3  4  5  
--------------------
A|  |  |  |  |  |  |
B|  |  |  |  |  |  |
C|  |  |P1|  |  |  |
D|  |  |  |  |  |  |
E|  |  |  |  |  |  |
F|  |  |  |  |  |  |

Tiles in hand: B2, B1, P2, P4
Your move ALICE: 
Invalid move. Try making a valid move using the command 'place <tile> at <board location>'
   0  1  2  3  4  5  
--------------------
A|  |  |  |  |  |  |
B|  |  |  |  |  |  |
C|  |  |P1|  |  |  |
D|  |  |  |  |  |  |
E|  |  |  |  |  |  |
F|  |  |  |  |  |  |

Tiles in hand: B2, B1, P2, P4
Your move ALICE: 
Score for this move: 2
Total score for ALICE: 2

Score for ALICE: 2
Score for BOB: 0
   0  1  2  3  4  5  
--------------------
A|  |  |  |  |  |  |
B|  |  |  |  |  |  |
C|  |  |P1|B1|  |  |
D|  |  |  |  |  |  |
E|  |  |  |  |  |  |
F|  |  |  |  |  |  |

Tiles in hand: B4, P1, B2, O1
Your move BOB: 
Score for this move: 2
Total score for BOB: 2

Score for ALICE: 2
Score for BOB: 2
   0  1  2  3  4  5  
--------------------
A|  |  |  |  |  |  |
B|  |  |  |  |  |  |
C|  |  |P1|B1|  |  |
D|  |  |  |B4|  |  |
E|  |  |  |  |  |  |
F|  |  |  |  |  |  |

Tiles in hand: B2, P2, P4
Your move ALICE: 
Invalid move. Try making a valid move using the command 'place <tile> at <board location>'
   0  1  2  3  4  5  
--------------------
A|  |  |  |  |  |  |
B|  |  |  |  |  |  |
C|  |  |P1|B1|  |  |
D|  |  |  |B4|  |  |
E|  |  |  |  |  |  |
F|  |  |  |  |  |  |

Tiles in hand: B2, P2, P4
Your move ALICE: 
Score for this move: 4
Total score for ALICE: 6

Score for ALICE: 6
Score for BOB: 2
   0  1  2  3  4  5  
--------------------
A|  |  |  |  |  |  |
B|  |  |  |  |  |  |
C|  |  |P1|B1|  |  |
D|  |  |P4|B4|  |  |
E|  |  |  |  |  |  |
F|  |  |  |  |  |  |

Tiles in hand: P1, B2, O1
Your move BOB: 
Invalid move. Try making a valid move using the command 'place <tile> at <board location>'
   0  1  2  3  4  5  
--------------------
A|  |  |  |  |  |  |
B|  |  |  |  |  |  |
C|  |  |P1|B1|  |  |
D|  |  |P4|B4|  |  |
E|  |  |  |  |  |  |
F|  |  |  |  |  |  |

Tiles in hand: P1, B2, O1
Your move BOB: 
Invalid move. Try making a valid move using the command 'place <tile> at <board location>'
   0  1  2  3  4  5  
--------------------
A|  |  |  |  |  |  |
B|  |  |  |  |  |  |
C|  |  |P1|B1|  |  |
D|  |  |P4|B4|  |  |
E|  |  |  |  |  |  |
F|  |  |  |  |  |  |

Tiles in hand: P1, B2, O1
Your move BOB: 
Score for this move: 3
Total score for BOB: 5

Score for ALICE: 6
Score for BOB: 5
   0  1  2  3  4  5  
--------------------
A|  |  |  |  |  |  |
B|  |  |  |  |  |  |
C|  |  |P1|B1|O1|  |
D|  |  |P4|B4|  |  |
E|  |  |  |  |  |  |
F|  |  |  |  |  |  |

Tiles in hand: B2, P2
Your move ALICE: 
Menu
1. New Game
2. Load Game
3. Game Options
4. Credits
5. Quit
> 
Goodbye!
